Arguments: 
  /Users/net/.nvm/versions/node/v16.15.1/bin/node /Users/net/.nvm/versions/node/v16.15.1/bin/yarn add --dev @babel/core @babel/cli @babel/preset-env

PATH: 
  /Users/net/.rvm/gems/ruby-3.0.0/bin:/Users/net/.rvm/gems/ruby-3.0.0@global/bin:/Users/net/.rvm/rubies/ruby-3.0.0/bin:/Users/net/.rvm/bin:./bin:./node_modules/.bin:/Users/net/.nvm/versions/node/v16.15.1/bin:/Users/net/.rbenv/shims:/Users/net/.rbenv/bin:/Users/net/.pyenv/bin:/usr/local/bin:/usr/bin:/bin:/usr/sbin:/sbin:./bin:./node_modules/.bin:/Users/net/.nvm/versions/node/v16.15.1/bin:/Users/net/.rbenv/shims:/Users/net/.rbenv/bin:/Users/net/.pyenv/bin:/usr/local/sbin:/usr/local/sbin

Yarn version: 
  1.22.19

Node version: 
  16.15.1

Platform: 
  darwin x64

Trace: 
  SyntaxError: /Users/net/code/meprojects/dribbble_clone/package.json: Unexpected end of JSON input
      at JSON.parse (<anonymous>)
      at /Users/net/.nvm/versions/node/v16.15.1/lib/node_modules/yarn/lib/cli.js:1629:59
      at Generator.next (<anonymous>)
      at step (/Users/net/.nvm/versions/node/v16.15.1/lib/node_modules/yarn/lib/cli.js:310:30)
      at /Users/net/.nvm/versions/node/v16.15.1/lib/node_modules/yarn/lib/cli.js:321:13

npm manifest: 
  

yarn manifest: 
  No manifest

Lockfile: 
  # THIS IS AN AUTOGENERATED FILE. DO NOT EDIT THIS FILE DIRECTLY.
  # yarn lockfile v1
  
  
  exec-sh@^0.2.0:
    version "0.2.2"
    resolved "https://registry.npmjs.org/exec-sh/-/exec-sh-0.2.2.tgz"
    integrity sha512-FIUCJz1RbuS0FKTdaAafAByGS0CPvU3R0MeHxgtl+djzCc//F8HakL8GzmVNZanasTbTAY/3DRFA0KpVqj/eAw==
    dependencies:
      merge "^1.2.0"
  
  merge@^1.2.0:
    version "1.2.1"
    resolved "https://registry.npmjs.org/merge/-/merge-1.2.1.tgz"
    integrity sha512-VjFo4P5Whtj4vsLzsYBu5ayHhoHJ0UqNm7ibvShmbmoz7tGi0vXaoJbGdB+GmDMLUdg8DpQXEIeVDAe8MaABvQ==
  
  minimist@^1.2.0:
    version "1.2.8"
    resolved "https://registry.npmjs.org/minimist/-/minimist-1.2.8.tgz"
    integrity sha512-2yyAR8qBkN3YuheJanUpWC5U3bb5osDywNB8RzDVlDwDHbocAJveqqj1u8+SVD7jkWT4yvsHCpWqqWqAxb0zCA==
  
  watch@^1.0.2:
    version "1.0.2"
    resolved "https://registry.yarnpkg.com/watch/-/watch-1.0.2.tgz#340a717bde765726fa0aa07d721e0147a551df0c"
    integrity sha512-1u+Z5n9Jc1E2c7qDO8SinPoZuHj7FgbgU1olSFoyaklduDvvtX7GMMtlE6OC9FTXq4KvNAOfj6Zu4vI1e9bAKA==
    dependencies:
      exec-sh "^0.2.0"
      minimist "^1.2.0"
